[
  {
    "level": "INFO",
    "message": "android.ndkVersion from module build.gradle is 21.0.6113669"
  },
  {
    "level": "INFO",
    "message": "ndk.dir in local.properties is not set"
  },
  {
    "level": "INFO",
    "message": "ANDROID_NDK_HOME environment variable is C:\\Users\\equipo\\AppData\\Local\\Android\\Sdk\\ndk\\21.0.6113669"
  },
  {
    "level": "INFO",
    "message": "sdkFolder is C:\\Users\\equipo\\AppData\\Local\\Android\\Sdk"
  },
  {
    "level": "WARN",
    "message": "Support for ANDROID_NDK_HOME is deprecated and will be removed in the future. Use android.ndkVersion in build.gradle instead."
  },
  {
    "level": "INFO",
    "message": "Considering C:\\Users\\equipo\\AppData\\Local\\Android\\Sdk\\ndk\\21.0.6113669 by ANDROID_NDK_HOME"
  },
  {
    "level": "INFO",
    "message": "Considering C:\\Users\\equipo\\AppData\\Local\\Android\\Sdk\\ndk-bundle in SDK ndk-bundle folder"
  },
  {
    "level": "INFO",
    "message": "Considering C:\\Users\\equipo\\AppData\\Local\\Android\\Sdk\\ndk\\21.0.6113669 in SDK ndk folder"
  },
  {
    "level": "INFO",
    "message": "Rejected C:\\Users\\equipo\\AppData\\Local\\Android\\Sdk\\ndk-bundle in SDK ndk-bundle folder because that location has no source.properties"
  },
  {
    "level": "INFO",
    "message": "Found 2 NDK folders that matched requested version 21.0.6113669:"
  },
  {
    "level": "INFO",
    "message": " (1) C:\\Users\\equipo\\AppData\\Local\\Android\\Sdk\\ndk\\21.0.6113669 in SDK ndk folder"
  },
  {
    "level": "INFO",
    "message": " (2) C:\\Users\\equipo\\AppData\\Local\\Android\\Sdk\\ndk\\21.0.6113669 by ANDROID_NDK_HOME"
  },
  {
    "level": "INFO",
    "message": "  choosing C:\\Users\\equipo\\AppData\\Local\\Android\\Sdk\\ndk\\21.0.6113669"
  }
]